CRITICAL - 2020-10-29 00:02:02 --> Invalid argument supplied for foreach()
#0 /home/gugus/Desktop/ci4/ci4_master/app/Commands/ControlerBasic.php(60): CodeIgniter\Debug\Exceptions->errorHandler()
#1 /home/gugus/Desktop/ci4/ci4_master/app/Commands/ControlerBasic.php(153): App\Commands\inputformcall()
#2 /home/gugus/Desktop/ci4/ci4_master/system/CLI/CommandRunner.php(137): App\Commands\ControlerBasic->run()
#3 /home/gugus/Desktop/ci4/ci4_master/system/CLI/CommandRunner.php(110): CodeIgniter\CLI\CommandRunner->runCommand()
#4 /home/gugus/Desktop/ci4/ci4_master/system/CLI/CommandRunner.php(86): CodeIgniter\CLI\CommandRunner->index()
#5 /home/gugus/Desktop/ci4/ci4_master/system/CodeIgniter.php(906): CodeIgniter\CLI\CommandRunner->_remap()
#6 /home/gugus/Desktop/ci4/ci4_master/system/CodeIgniter.php(398): CodeIgniter\CodeIgniter->runController()
#7 /home/gugus/Desktop/ci4/ci4_master/system/CodeIgniter.php(306): CodeIgniter\CodeIgniter->handleRequest()
#8 /home/gugus/Desktop/ci4/ci4_master/system/CLI/Console.php(86): CodeIgniter\CodeIgniter->run()
#9 /home/gugus/Desktop/ci4/ci4_master/spark(57): CodeIgniter\CLI\Console->run()
#10 {main}
CRITICAL - 2020-10-29 00:13:37 --> Unknown column 'kode' in 'where clause'
#0 /home/gugus/Desktop/ci4/ci4_master/system/Database/MySQLi/Connection.php(330): mysqli->query()
#1 /home/gugus/Desktop/ci4/ci4_master/system/Database/BaseConnection.php(738): CodeIgniter\Database\MySQLi\Connection->execute()
#2 /home/gugus/Desktop/ci4/ci4_master/system/Database/BaseConnection.php(666): CodeIgniter\Database\BaseConnection->simpleQuery()
#3 /home/gugus/Desktop/ci4/ci4_master/app/Controllers/Status.php(104): CodeIgniter\Database\BaseConnection->query()
#4 /home/gugus/Desktop/ci4/ci4_master/system/CodeIgniter.php(910): App\Controllers\Status->hapus()
#5 /home/gugus/Desktop/ci4/ci4_master/system/CodeIgniter.php(398): CodeIgniter\CodeIgniter->runController()
#6 /home/gugus/Desktop/ci4/ci4_master/system/CodeIgniter.php(306): CodeIgniter\CodeIgniter->handleRequest()
#7 /home/gugus/Desktop/ci4/ci4_master/public/index.php(45): CodeIgniter\CodeIgniter->run()
#8 /home/gugus/Desktop/ci4/ci4_master/system/Commands/Server/rewrite.php(34): require_once('/home/gugus/Des...')
#9 {main}
CRITICAL - 2020-10-29 00:13:54 --> Unknown column 'kode' in 'where clause'
#0 /home/gugus/Desktop/ci4/ci4_master/system/Database/MySQLi/Connection.php(330): mysqli->query()
#1 /home/gugus/Desktop/ci4/ci4_master/system/Database/BaseConnection.php(738): CodeIgniter\Database\MySQLi\Connection->execute()
#2 /home/gugus/Desktop/ci4/ci4_master/system/Database/BaseConnection.php(666): CodeIgniter\Database\BaseConnection->simpleQuery()
#3 /home/gugus/Desktop/ci4/ci4_master/app/Controllers/Status.php(104): CodeIgniter\Database\BaseConnection->query()
#4 /home/gugus/Desktop/ci4/ci4_master/system/CodeIgniter.php(910): App\Controllers\Status->hapus()
#5 /home/gugus/Desktop/ci4/ci4_master/system/CodeIgniter.php(398): CodeIgniter\CodeIgniter->runController()
#6 /home/gugus/Desktop/ci4/ci4_master/system/CodeIgniter.php(306): CodeIgniter\CodeIgniter->handleRequest()
#7 /home/gugus/Desktop/ci4/ci4_master/public/index.php(45): CodeIgniter\CodeIgniter->run()
#8 /home/gugus/Desktop/ci4/ci4_master/system/Commands/Server/rewrite.php(34): require_once('/home/gugus/Des...')
#9 {main}
CRITICAL - 2020-10-29 00:14:03 --> Undefined index: kode
#0 /home/gugus/Desktop/ci4/ci4_master/app/Controllers/Status.php(103): CodeIgniter\Debug\Exceptions->errorHandler()
#1 /home/gugus/Desktop/ci4/ci4_master/system/CodeIgniter.php(910): App\Controllers\Status->hapus()
#2 /home/gugus/Desktop/ci4/ci4_master/system/CodeIgniter.php(398): CodeIgniter\CodeIgniter->runController()
#3 /home/gugus/Desktop/ci4/ci4_master/system/CodeIgniter.php(306): CodeIgniter\CodeIgniter->handleRequest()
#4 /home/gugus/Desktop/ci4/ci4_master/public/index.php(45): CodeIgniter\CodeIgniter->run()
#5 /home/gugus/Desktop/ci4/ci4_master/system/Commands/Server/rewrite.php(34): require_once('/home/gugus/Des...')
#6 {main}
CRITICAL - 2020-10-29 00:17:04 --> Unknown column 'kode' in 'where clause'
#0 /home/gugus/Desktop/ci4/ci4_master/system/Database/MySQLi/Connection.php(330): mysqli->query()
#1 /home/gugus/Desktop/ci4/ci4_master/system/Database/BaseConnection.php(738): CodeIgniter\Database\MySQLi\Connection->execute()
#2 /home/gugus/Desktop/ci4/ci4_master/system/Database/BaseConnection.php(666): CodeIgniter\Database\BaseConnection->simpleQuery()
#3 /home/gugus/Desktop/ci4/ci4_master/app/Controllers/Status.php(104): CodeIgniter\Database\BaseConnection->query()
#4 /home/gugus/Desktop/ci4/ci4_master/system/CodeIgniter.php(910): App\Controllers\Status->hapus()
#5 /home/gugus/Desktop/ci4/ci4_master/system/CodeIgniter.php(398): CodeIgniter\CodeIgniter->runController()
#6 /home/gugus/Desktop/ci4/ci4_master/system/CodeIgniter.php(306): CodeIgniter\CodeIgniter->handleRequest()
#7 /home/gugus/Desktop/ci4/ci4_master/public/index.php(45): CodeIgniter\CodeIgniter->run()
#8 /home/gugus/Desktop/ci4/ci4_master/system/Commands/Server/rewrite.php(34): require_once('/home/gugus/Des...')
#9 {main}
CRITICAL - 2020-10-29 00:18:20 --> Undefined index: kode
#0 /home/gugus/Desktop/ci4/ci4_master/app/Controllers/Status.php(103): CodeIgniter\Debug\Exceptions->errorHandler()
#1 /home/gugus/Desktop/ci4/ci4_master/system/CodeIgniter.php(910): App\Controllers\Status->hapus()
#2 /home/gugus/Desktop/ci4/ci4_master/system/CodeIgniter.php(398): CodeIgniter\CodeIgniter->runController()
#3 /home/gugus/Desktop/ci4/ci4_master/system/CodeIgniter.php(306): CodeIgniter\CodeIgniter->handleRequest()
#4 /home/gugus/Desktop/ci4/ci4_master/public/index.php(45): CodeIgniter\CodeIgniter->run()
#5 /home/gugus/Desktop/ci4/ci4_master/system/Commands/Server/rewrite.php(34): require_once('/home/gugus/Des...')
#6 {main}
CRITICAL - 2020-10-29 00:18:47 --> Unknown column 'kode' in 'where clause'
#0 /home/gugus/Desktop/ci4/ci4_master/system/Database/MySQLi/Connection.php(330): mysqli->query()
#1 /home/gugus/Desktop/ci4/ci4_master/system/Database/BaseConnection.php(738): CodeIgniter\Database\MySQLi\Connection->execute()
#2 /home/gugus/Desktop/ci4/ci4_master/system/Database/BaseConnection.php(666): CodeIgniter\Database\BaseConnection->simpleQuery()
#3 /home/gugus/Desktop/ci4/ci4_master/app/Controllers/Status.php(104): CodeIgniter\Database\BaseConnection->query()
#4 /home/gugus/Desktop/ci4/ci4_master/system/CodeIgniter.php(910): App\Controllers\Status->hapus()
#5 /home/gugus/Desktop/ci4/ci4_master/system/CodeIgniter.php(398): CodeIgniter\CodeIgniter->runController()
#6 /home/gugus/Desktop/ci4/ci4_master/system/CodeIgniter.php(306): CodeIgniter\CodeIgniter->handleRequest()
#7 /home/gugus/Desktop/ci4/ci4_master/public/index.php(45): CodeIgniter\CodeIgniter->run()
#8 /home/gugus/Desktop/ci4/ci4_master/system/Commands/Server/rewrite.php(34): require_once('/home/gugus/Des...')
#9 {main}
CRITICAL - 2020-10-29 01:34:28 --> Table 'ci4_auth.type_status' doesn't exist
#0 /home/gugus/Desktop/ci4/ci4_master/system/Database/MySQLi/Connection.php(330): mysqli->query()
#1 /home/gugus/Desktop/ci4/ci4_master/system/Database/BaseConnection.php(738): CodeIgniter\Database\MySQLi\Connection->execute()
#2 /home/gugus/Desktop/ci4/ci4_master/system/Database/BaseConnection.php(666): CodeIgniter\Database\BaseConnection->simpleQuery()
#3 /home/gugus/Desktop/ci4/ci4_master/app/Models/Form.php(378): CodeIgniter\Database\BaseConnection->query()
#4 /home/gugus/Desktop/ci4/ci4_master/app/Views/status/index.php(64): App\Models\Form::select_db()
#5 /home/gugus/Desktop/ci4/ci4_master/system/View/View.php(236): include('/home/gugus/Des...')
#6 /home/gugus/Desktop/ci4/ci4_master/system/Common.php(1071): CodeIgniter\View\View->render()
#7 /home/gugus/Desktop/ci4/ci4_master/app/Controllers/Status.php(87): view()
#8 /home/gugus/Desktop/ci4/ci4_master/system/CodeIgniter.php(910): App\Controllers\Status->Index()
#9 /home/gugus/Desktop/ci4/ci4_master/system/CodeIgniter.php(398): CodeIgniter\CodeIgniter->runController()
#10 /home/gugus/Desktop/ci4/ci4_master/system/CodeIgniter.php(306): CodeIgniter\CodeIgniter->handleRequest()
#11 /home/gugus/Desktop/ci4/ci4_master/public/index.php(45): CodeIgniter\CodeIgniter->run()
#12 /home/gugus/Desktop/ci4/ci4_master/system/Commands/Server/rewrite.php(34): require_once('/home/gugus/Des...')
#13 {main}
CRITICAL - 2020-10-29 01:40:02 --> Undefined property: stdClass::$id
#0 /home/gugus/Desktop/ci4/ci4_master/app/Models/Form.php(395): CodeIgniter\Debug\Exceptions->errorHandler()
#1 /home/gugus/Desktop/ci4/ci4_master/app/Views/status/index.php(64): App\Models\Form::select_db()
#2 /home/gugus/Desktop/ci4/ci4_master/system/View/View.php(236): include('/home/gugus/Des...')
#3 /home/gugus/Desktop/ci4/ci4_master/system/Common.php(1071): CodeIgniter\View\View->render()
#4 /home/gugus/Desktop/ci4/ci4_master/app/Controllers/Status.php(87): view()
#5 /home/gugus/Desktop/ci4/ci4_master/system/CodeIgniter.php(910): App\Controllers\Status->Index()
#6 /home/gugus/Desktop/ci4/ci4_master/system/CodeIgniter.php(398): CodeIgniter\CodeIgniter->runController()
#7 /home/gugus/Desktop/ci4/ci4_master/system/CodeIgniter.php(306): CodeIgniter\CodeIgniter->handleRequest()
#8 /home/gugus/Desktop/ci4/ci4_master/public/index.php(45): CodeIgniter\CodeIgniter->run()
#9 /home/gugus/Desktop/ci4/ci4_master/system/Commands/Server/rewrite.php(34): require_once('/home/gugus/Des...')
#10 {main}
CRITICAL - 2020-10-29 02:36:12 --> Invalid file: typeStatus/index.php
#0 /home/gugus/Desktop/ci4/ci4_master/system/View/View.php(224): CodeIgniter\Exceptions\FrameworkException::forInvalidFile()
#1 /home/gugus/Desktop/ci4/ci4_master/system/Common.php(1071): CodeIgniter\View\View->render()
#2 /home/gugus/Desktop/ci4/ci4_master/app/Controllers/TypeStatus.php(82): view()
#3 /home/gugus/Desktop/ci4/ci4_master/system/CodeIgniter.php(910): App\Controllers\TypeStatus->Index()
#4 /home/gugus/Desktop/ci4/ci4_master/system/CodeIgniter.php(398): CodeIgniter\CodeIgniter->runController()
#5 /home/gugus/Desktop/ci4/ci4_master/system/CodeIgniter.php(306): CodeIgniter\CodeIgniter->handleRequest()
#6 /home/gugus/Desktop/ci4/ci4_master/public/index.php(45): CodeIgniter\CodeIgniter->run()
#7 /home/gugus/Desktop/ci4/ci4_master/system/Commands/Server/rewrite.php(34): require_once('/home/gugus/Des...')
#8 {main}
CRITICAL - 2020-10-29 02:40:05 --> syntax error, unexpected '$value' (T_VARIABLE), expecting ')'
#0 /home/gugus/Desktop/ci4/ci4_master/system/Router/Router.php(192): CodeIgniter\Router\Router->autoRoute()
#1 /home/gugus/Desktop/ci4/ci4_master/system/CodeIgniter.php(785): CodeIgniter\Router\Router->handle()
#2 /home/gugus/Desktop/ci4/ci4_master/system/CodeIgniter.php(358): CodeIgniter\CodeIgniter->tryToRouteIt()
#3 /home/gugus/Desktop/ci4/ci4_master/system/CodeIgniter.php(306): CodeIgniter\CodeIgniter->handleRequest()
#4 /home/gugus/Desktop/ci4/ci4_master/public/index.php(45): CodeIgniter\CodeIgniter->run()
#5 /home/gugus/Desktop/ci4/ci4_master/system/Commands/Server/rewrite.php(34): require_once('/home/gugus/Des...')
#6 {main}
CRITICAL - 2020-10-29 02:40:31 --> Call to undefined function App\Controllers\site_link()
#0 /home/gugus/Desktop/ci4/ci4_master/system/CodeIgniter.php(910): App\Controllers\Status->json()
#1 /home/gugus/Desktop/ci4/ci4_master/system/CodeIgniter.php(398): CodeIgniter\CodeIgniter->runController()
#2 /home/gugus/Desktop/ci4/ci4_master/system/CodeIgniter.php(306): CodeIgniter\CodeIgniter->handleRequest()
#3 /home/gugus/Desktop/ci4/ci4_master/public/index.php(45): CodeIgniter\CodeIgniter->run()
#4 /home/gugus/Desktop/ci4/ci4_master/system/Commands/Server/rewrite.php(34): require_once('/home/gugus/Des...')
#5 {main}
CRITICAL - 2020-10-29 02:42:52 --> Invalid file: status/index.php
#0 /home/gugus/Desktop/ci4/ci4_master/system/View/View.php(224): CodeIgniter\Exceptions\FrameworkException::forInvalidFile()
#1 /home/gugus/Desktop/ci4/ci4_master/system/Common.php(1071): CodeIgniter\View\View->render()
#2 /home/gugus/Desktop/ci4/ci4_master/app/Controllers/Status.php(87): view()
#3 /home/gugus/Desktop/ci4/ci4_master/system/CodeIgniter.php(910): App\Controllers\Status->Index()
#4 /home/gugus/Desktop/ci4/ci4_master/system/CodeIgniter.php(398): CodeIgniter\CodeIgniter->runController()
#5 /home/gugus/Desktop/ci4/ci4_master/system/CodeIgniter.php(306): CodeIgniter\CodeIgniter->handleRequest()
#6 /home/gugus/Desktop/ci4/ci4_master/public/index.php(45): CodeIgniter\CodeIgniter->run()
#7 /home/gugus/Desktop/ci4/ci4_master/system/Commands/Server/rewrite.php(34): require_once('/home/gugus/Des...')
#8 {main}
CRITICAL - 2020-10-29 02:43:22 --> Invalid file: status/index.php
#0 /home/gugus/Desktop/ci4/ci4_master/system/View/View.php(224): CodeIgniter\Exceptions\FrameworkException::forInvalidFile()
#1 /home/gugus/Desktop/ci4/ci4_master/system/Common.php(1071): CodeIgniter\View\View->render()
#2 /home/gugus/Desktop/ci4/ci4_master/app/Controllers/Status.php(87): view()
#3 /home/gugus/Desktop/ci4/ci4_master/system/CodeIgniter.php(910): App\Controllers\Status->Index()
#4 /home/gugus/Desktop/ci4/ci4_master/system/CodeIgniter.php(398): CodeIgniter\CodeIgniter->runController()
#5 /home/gugus/Desktop/ci4/ci4_master/system/CodeIgniter.php(306): CodeIgniter\CodeIgniter->handleRequest()
#6 /home/gugus/Desktop/ci4/ci4_master/public/index.php(45): CodeIgniter\CodeIgniter->run()
#7 /home/gugus/Desktop/ci4/ci4_master/system/Commands/Server/rewrite.php(34): require_once('/home/gugus/Des...')
#8 {main}
CRITICAL - 2020-10-29 02:43:58 --> Invalid file: status/index.php
#0 /home/gugus/Desktop/ci4/ci4_master/system/View/View.php(224): CodeIgniter\Exceptions\FrameworkException::forInvalidFile()
#1 /home/gugus/Desktop/ci4/ci4_master/system/Common.php(1071): CodeIgniter\View\View->render()
#2 /home/gugus/Desktop/ci4/ci4_master/app/Controllers/Status.php(87): view()
#3 /home/gugus/Desktop/ci4/ci4_master/system/CodeIgniter.php(910): App\Controllers\Status->Index()
#4 /home/gugus/Desktop/ci4/ci4_master/system/CodeIgniter.php(398): CodeIgniter\CodeIgniter->runController()
#5 /home/gugus/Desktop/ci4/ci4_master/system/CodeIgniter.php(306): CodeIgniter\CodeIgniter->handleRequest()
#6 /home/gugus/Desktop/ci4/ci4_master/public/index.php(45): CodeIgniter\CodeIgniter->run()
#7 /home/gugus/Desktop/ci4/ci4_master/system/Commands/Server/rewrite.php(34): require_once('/home/gugus/Des...')
#8 {main}
CRITICAL - 2020-10-29 02:47:14 --> Invalid file: status/index.php
#0 /home/gugus/Desktop/ci4/ci4_master/system/View/View.php(224): CodeIgniter\Exceptions\FrameworkException::forInvalidFile()
#1 /home/gugus/Desktop/ci4/ci4_master/system/Common.php(1071): CodeIgniter\View\View->render()
#2 /home/gugus/Desktop/ci4/ci4_master/app/Controllers/Status.php(93): view()
#3 /home/gugus/Desktop/ci4/ci4_master/system/CodeIgniter.php(910): App\Controllers\Status->edit()
#4 /home/gugus/Desktop/ci4/ci4_master/system/CodeIgniter.php(398): CodeIgniter\CodeIgniter->runController()
#5 /home/gugus/Desktop/ci4/ci4_master/system/CodeIgniter.php(306): CodeIgniter\CodeIgniter->handleRequest()
#6 /home/gugus/Desktop/ci4/ci4_master/public/index.php(45): CodeIgniter\CodeIgniter->run()
#7 /home/gugus/Desktop/ci4/ci4_master/system/Commands/Server/rewrite.php(34): require_once('/home/gugus/Des...')
#8 {main}
CRITICAL - 2020-10-29 02:47:27 --> Invalid file: status/index.php
#0 /home/gugus/Desktop/ci4/ci4_master/system/View/View.php(224): CodeIgniter\Exceptions\FrameworkException::forInvalidFile()
#1 /home/gugus/Desktop/ci4/ci4_master/system/Common.php(1071): CodeIgniter\View\View->render()
#2 /home/gugus/Desktop/ci4/ci4_master/app/Controllers/Status.php(93): view()
#3 /home/gugus/Desktop/ci4/ci4_master/system/CodeIgniter.php(910): App\Controllers\Status->edit()
#4 /home/gugus/Desktop/ci4/ci4_master/system/CodeIgniter.php(398): CodeIgniter\CodeIgniter->runController()
#5 /home/gugus/Desktop/ci4/ci4_master/system/CodeIgniter.php(306): CodeIgniter\CodeIgniter->handleRequest()
#6 /home/gugus/Desktop/ci4/ci4_master/public/index.php(45): CodeIgniter\CodeIgniter->run()
#7 /home/gugus/Desktop/ci4/ci4_master/system/Commands/Server/rewrite.php(34): require_once('/home/gugus/Des...')
#8 {main}
CRITICAL - 2020-10-29 02:48:22 --> Undefined property: stdClass::$kode
#0 /home/gugus/Desktop/ci4/ci4_master/app/Views/admin/status/index.php(29): CodeIgniter\Debug\Exceptions->errorHandler()
#1 /home/gugus/Desktop/ci4/ci4_master/system/View/View.php(236): include('/home/gugus/Des...')
#2 /home/gugus/Desktop/ci4/ci4_master/system/Common.php(1071): CodeIgniter\View\View->render()
#3 /home/gugus/Desktop/ci4/ci4_master/app/Controllers/Status.php(93): view()
#4 /home/gugus/Desktop/ci4/ci4_master/system/CodeIgniter.php(910): App\Controllers\Status->edit()
#5 /home/gugus/Desktop/ci4/ci4_master/system/CodeIgniter.php(398): CodeIgniter\CodeIgniter->runController()
#6 /home/gugus/Desktop/ci4/ci4_master/system/CodeIgniter.php(306): CodeIgniter\CodeIgniter->handleRequest()
#7 /home/gugus/Desktop/ci4/ci4_master/public/index.php(45): CodeIgniter\CodeIgniter->run()
#8 /home/gugus/Desktop/ci4/ci4_master/system/Commands/Server/rewrite.php(34): require_once('/home/gugus/Des...')
#9 {main}
CRITICAL - 2020-10-29 02:54:20 --> Undefined property: stdClass::$kode
#0 /home/gugus/Desktop/ci4/ci4_master/app/Views/admin/status/index.php(29): CodeIgniter\Debug\Exceptions->errorHandler()
#1 /home/gugus/Desktop/ci4/ci4_master/system/View/View.php(236): include('/home/gugus/Des...')
#2 /home/gugus/Desktop/ci4/ci4_master/system/Common.php(1071): CodeIgniter\View\View->render()
#3 /home/gugus/Desktop/ci4/ci4_master/app/Controllers/Status.php(94): view()
#4 /home/gugus/Desktop/ci4/ci4_master/system/CodeIgniter.php(910): App\Controllers\Status->edit()
#5 /home/gugus/Desktop/ci4/ci4_master/system/CodeIgniter.php(398): CodeIgniter\CodeIgniter->runController()
#6 /home/gugus/Desktop/ci4/ci4_master/system/CodeIgniter.php(306): CodeIgniter\CodeIgniter->handleRequest()
#7 /home/gugus/Desktop/ci4/ci4_master/public/index.php(45): CodeIgniter\CodeIgniter->run()
#8 /home/gugus/Desktop/ci4/ci4_master/system/Commands/Server/rewrite.php(34): require_once('/home/gugus/Des...')
#9 {main}
CRITICAL - 2020-10-29 02:56:54 --> Undefined property: stdClass::$kode
#0 /home/gugus/Desktop/ci4/ci4_master/app/Views/admin/status/index.php(29): CodeIgniter\Debug\Exceptions->errorHandler()
#1 /home/gugus/Desktop/ci4/ci4_master/system/View/View.php(236): include('/home/gugus/Des...')
#2 /home/gugus/Desktop/ci4/ci4_master/system/Common.php(1071): CodeIgniter\View\View->render()
#3 /home/gugus/Desktop/ci4/ci4_master/app/Controllers/Status.php(92): view()
#4 /home/gugus/Desktop/ci4/ci4_master/system/CodeIgniter.php(910): App\Controllers\Status->edit()
#5 /home/gugus/Desktop/ci4/ci4_master/system/CodeIgniter.php(398): CodeIgniter\CodeIgniter->runController()
#6 /home/gugus/Desktop/ci4/ci4_master/system/CodeIgniter.php(306): CodeIgniter\CodeIgniter->handleRequest()
#7 /home/gugus/Desktop/ci4/ci4_master/public/index.php(45): CodeIgniter\CodeIgniter->run()
#8 /home/gugus/Desktop/ci4/ci4_master/system/Commands/Server/rewrite.php(34): require_once('/home/gugus/Des...')
#9 {main}
CRITICAL - 2020-10-29 02:57:58 --> Undefined property: stdClass::$kode
#0 /home/gugus/Desktop/ci4/ci4_master/app/Views/admin/status/index.php(29): CodeIgniter\Debug\Exceptions->errorHandler()
#1 /home/gugus/Desktop/ci4/ci4_master/system/View/View.php(236): include('/home/gugus/Des...')
#2 /home/gugus/Desktop/ci4/ci4_master/system/Common.php(1071): CodeIgniter\View\View->render()
#3 /home/gugus/Desktop/ci4/ci4_master/app/Controllers/Status.php(92): view()
#4 /home/gugus/Desktop/ci4/ci4_master/system/CodeIgniter.php(910): App\Controllers\Status->edit()
#5 /home/gugus/Desktop/ci4/ci4_master/system/CodeIgniter.php(398): CodeIgniter\CodeIgniter->runController()
#6 /home/gugus/Desktop/ci4/ci4_master/system/CodeIgniter.php(306): CodeIgniter\CodeIgniter->handleRequest()
#7 /home/gugus/Desktop/ci4/ci4_master/public/index.php(45): CodeIgniter\CodeIgniter->run()
#8 /home/gugus/Desktop/ci4/ci4_master/system/Commands/Server/rewrite.php(34): require_once('/home/gugus/Des...')
#9 {main}
CRITICAL - 2020-10-29 03:26:24 --> Undefined variable: builder
#0 /home/gugus/Desktop/ci4/ci4_master/app/Controllers/TypeStatus.php(100): CodeIgniter\Debug\Exceptions->errorHandler()
#1 /home/gugus/Desktop/ci4/ci4_master/system/CodeIgniter.php(910): App\Controllers\TypeStatus->update()
#2 /home/gugus/Desktop/ci4/ci4_master/system/CodeIgniter.php(398): CodeIgniter\CodeIgniter->runController()
#3 /home/gugus/Desktop/ci4/ci4_master/system/CodeIgniter.php(306): CodeIgniter\CodeIgniter->handleRequest()
#4 /home/gugus/Desktop/ci4/ci4_master/public/index.php(45): CodeIgniter\CodeIgniter->run()
#5 /home/gugus/Desktop/ci4/ci4_master/system/Commands/Server/rewrite.php(34): require_once('/home/gugus/Des...')
#6 {main}
CRITICAL - 2020-10-29 04:04:45 --> syntax error, unexpected '=>' (T_DOUBLE_ARROW), expecting ')'
#0 /home/gugus/Desktop/ci4/ci4_master/system/Autoloader/Autoloader.php(296): CodeIgniter\Autoloader\Autoloader->requireFile()
#1 /home/gugus/Desktop/ci4/ci4_master/system/Autoloader/Autoloader.php(258): CodeIgniter\Autoloader\Autoloader->loadInNamespace()
#2 [internal function]: CodeIgniter\Autoloader\Autoloader->loadClass()
#3 /home/gugus/Desktop/ci4/ci4_master/app/Controllers/BaseController.php(38): spl_autoload_call()
#4 /home/gugus/Desktop/ci4/ci4_master/app/Controllers/Status.php(84): App\Controllers\BaseController::form()
#5 /home/gugus/Desktop/ci4/ci4_master/system/CodeIgniter.php(910): App\Controllers\Status->Index()
#6 /home/gugus/Desktop/ci4/ci4_master/system/CodeIgniter.php(398): CodeIgniter\CodeIgniter->runController()
#7 /home/gugus/Desktop/ci4/ci4_master/system/CodeIgniter.php(306): CodeIgniter\CodeIgniter->handleRequest()
#8 /home/gugus/Desktop/ci4/ci4_master/public/index.php(45): CodeIgniter\CodeIgniter->run()
#9 /home/gugus/Desktop/ci4/ci4_master/system/Commands/Server/rewrite.php(34): require_once('/home/gugus/Des...')
#10 {main}
CRITICAL - 2020-10-29 04:06:39 --> Undefined offset: 0
#0 /home/gugus/Desktop/ci4/ci4_master/app/Models/Form.php(377): CodeIgniter\Debug\Exceptions->errorHandler()
#1 /home/gugus/Desktop/ci4/ci4_master/app/Controllers/Status.php(58): App\Models\Form->rowbackitem()
#2 /home/gugus/Desktop/ci4/ci4_master/system/CodeIgniter.php(910): App\Controllers\Status->json()
#3 /home/gugus/Desktop/ci4/ci4_master/system/CodeIgniter.php(398): CodeIgniter\CodeIgniter->runController()
#4 /home/gugus/Desktop/ci4/ci4_master/system/CodeIgniter.php(306): CodeIgniter\CodeIgniter->handleRequest()
#5 /home/gugus/Desktop/ci4/ci4_master/public/index.php(45): CodeIgniter\CodeIgniter->run()
#6 /home/gugus/Desktop/ci4/ci4_master/system/Commands/Server/rewrite.php(34): require_once('/home/gugus/Des...')
#7 {main}
CRITICAL - 2020-10-29 04:06:53 --> Undefined offset: 0
#0 /home/gugus/Desktop/ci4/ci4_master/app/Models/Form.php(377): CodeIgniter\Debug\Exceptions->errorHandler()
#1 /home/gugus/Desktop/ci4/ci4_master/app/Controllers/Status.php(58): App\Models\Form->rowbackitem()
#2 /home/gugus/Desktop/ci4/ci4_master/system/CodeIgniter.php(910): App\Controllers\Status->json()
#3 /home/gugus/Desktop/ci4/ci4_master/system/CodeIgniter.php(398): CodeIgniter\CodeIgniter->runController()
#4 /home/gugus/Desktop/ci4/ci4_master/system/CodeIgniter.php(306): CodeIgniter\CodeIgniter->handleRequest()
#5 /home/gugus/Desktop/ci4/ci4_master/public/index.php(45): CodeIgniter\CodeIgniter->run()
#6 /home/gugus/Desktop/ci4/ci4_master/system/Commands/Server/rewrite.php(34): require_once('/home/gugus/Des...')
#7 {main}
CRITICAL - 2020-10-29 04:09:22 --> Undefined offset: 0
#0 /home/gugus/Desktop/ci4/ci4_master/app/Models/Form.php(378): CodeIgniter\Debug\Exceptions->errorHandler()
#1 /home/gugus/Desktop/ci4/ci4_master/app/Controllers/Status.php(58): App\Models\Form->rowbackitem()
#2 /home/gugus/Desktop/ci4/ci4_master/system/CodeIgniter.php(910): App\Controllers\Status->json()
#3 /home/gugus/Desktop/ci4/ci4_master/system/CodeIgniter.php(398): CodeIgniter\CodeIgniter->runController()
#4 /home/gugus/Desktop/ci4/ci4_master/system/CodeIgniter.php(306): CodeIgniter\CodeIgniter->handleRequest()
#5 /home/gugus/Desktop/ci4/ci4_master/public/index.php(45): CodeIgniter\CodeIgniter->run()
#6 /home/gugus/Desktop/ci4/ci4_master/system/Commands/Server/rewrite.php(34): require_once('/home/gugus/Des...')
#7 {main}
CRITICAL - 2020-10-29 04:11:11 --> Undefined offset: 0
#0 /home/gugus/Desktop/ci4/ci4_master/app/Models/Form.php(378): CodeIgniter\Debug\Exceptions->errorHandler()
#1 /home/gugus/Desktop/ci4/ci4_master/app/Controllers/Status.php(58): App\Models\Form->rowbackitem()
#2 /home/gugus/Desktop/ci4/ci4_master/system/CodeIgniter.php(910): App\Controllers\Status->json()
#3 /home/gugus/Desktop/ci4/ci4_master/system/CodeIgniter.php(398): CodeIgniter\CodeIgniter->runController()
#4 /home/gugus/Desktop/ci4/ci4_master/system/CodeIgniter.php(306): CodeIgniter\CodeIgniter->handleRequest()
#5 /home/gugus/Desktop/ci4/ci4_master/public/index.php(45): CodeIgniter\CodeIgniter->run()
#6 /home/gugus/Desktop/ci4/ci4_master/system/Commands/Server/rewrite.php(34): require_once('/home/gugus/Des...')
#7 {main}
CRITICAL - 2020-10-29 04:11:36 --> Undefined offset: 0
#0 /home/gugus/Desktop/ci4/ci4_master/app/Models/Form.php(378): CodeIgniter\Debug\Exceptions->errorHandler()
#1 /home/gugus/Desktop/ci4/ci4_master/app/Controllers/Status.php(58): App\Models\Form->rowbackitem()
#2 /home/gugus/Desktop/ci4/ci4_master/system/CodeIgniter.php(910): App\Controllers\Status->json()
#3 /home/gugus/Desktop/ci4/ci4_master/system/CodeIgniter.php(398): CodeIgniter\CodeIgniter->runController()
#4 /home/gugus/Desktop/ci4/ci4_master/system/CodeIgniter.php(306): CodeIgniter\CodeIgniter->handleRequest()
#5 /home/gugus/Desktop/ci4/ci4_master/public/index.php(45): CodeIgniter\CodeIgniter->run()
#6 /home/gugus/Desktop/ci4/ci4_master/system/Commands/Server/rewrite.php(34): require_once('/home/gugus/Des...')
#7 {main}
CRITICAL - 2020-10-29 04:12:08 --> Undefined offset: 0
#0 /home/gugus/Desktop/ci4/ci4_master/app/Models/Form.php(379): CodeIgniter\Debug\Exceptions->errorHandler()
#1 /home/gugus/Desktop/ci4/ci4_master/app/Controllers/Status.php(58): App\Models\Form->rowbackitem()
#2 /home/gugus/Desktop/ci4/ci4_master/system/CodeIgniter.php(910): App\Controllers\Status->json()
#3 /home/gugus/Desktop/ci4/ci4_master/system/CodeIgniter.php(398): CodeIgniter\CodeIgniter->runController()
#4 /home/gugus/Desktop/ci4/ci4_master/system/CodeIgniter.php(306): CodeIgniter\CodeIgniter->handleRequest()
#5 /home/gugus/Desktop/ci4/ci4_master/public/index.php(45): CodeIgniter\CodeIgniter->run()
#6 /home/gugus/Desktop/ci4/ci4_master/system/Commands/Server/rewrite.php(34): require_once('/home/gugus/Des...')
#7 {main}
CRITICAL - 2020-10-29 04:12:39 --> Undefined offset: 0
#0 /home/gugus/Desktop/ci4/ci4_master/app/Models/Form.php(379): CodeIgniter\Debug\Exceptions->errorHandler()
#1 /home/gugus/Desktop/ci4/ci4_master/app/Controllers/Status.php(58): App\Models\Form->rowbackitem()
#2 /home/gugus/Desktop/ci4/ci4_master/system/CodeIgniter.php(910): App\Controllers\Status->json()
#3 /home/gugus/Desktop/ci4/ci4_master/system/CodeIgniter.php(398): CodeIgniter\CodeIgniter->runController()
#4 /home/gugus/Desktop/ci4/ci4_master/system/CodeIgniter.php(306): CodeIgniter\CodeIgniter->handleRequest()
#5 /home/gugus/Desktop/ci4/ci4_master/public/index.php(45): CodeIgniter\CodeIgniter->run()
#6 /home/gugus/Desktop/ci4/ci4_master/system/Commands/Server/rewrite.php(34): require_once('/home/gugus/Des...')
#7 {main}
CRITICAL - 2020-10-29 04:12:55 --> Undefined offset: 0
#0 /home/gugus/Desktop/ci4/ci4_master/app/Models/Form.php(378): CodeIgniter\Debug\Exceptions->errorHandler()
#1 /home/gugus/Desktop/ci4/ci4_master/app/Controllers/Status.php(58): App\Models\Form->rowbackitem()
#2 /home/gugus/Desktop/ci4/ci4_master/system/CodeIgniter.php(910): App\Controllers\Status->json()
#3 /home/gugus/Desktop/ci4/ci4_master/system/CodeIgniter.php(398): CodeIgniter\CodeIgniter->runController()
#4 /home/gugus/Desktop/ci4/ci4_master/system/CodeIgniter.php(306): CodeIgniter\CodeIgniter->handleRequest()
#5 /home/gugus/Desktop/ci4/ci4_master/public/index.php(45): CodeIgniter\CodeIgniter->run()
#6 /home/gugus/Desktop/ci4/ci4_master/system/Commands/Server/rewrite.php(34): require_once('/home/gugus/Des...')
#7 {main}
CRITICAL - 2020-10-29 04:13:56 --> Undefined offset: 0
#0 /home/gugus/Desktop/ci4/ci4_master/app/Models/Form.php(377): CodeIgniter\Debug\Exceptions->errorHandler()
#1 /home/gugus/Desktop/ci4/ci4_master/app/Controllers/Status.php(58): App\Models\Form::rowbackitem()
#2 /home/gugus/Desktop/ci4/ci4_master/system/CodeIgniter.php(910): App\Controllers\Status->json()
#3 /home/gugus/Desktop/ci4/ci4_master/system/CodeIgniter.php(398): CodeIgniter\CodeIgniter->runController()
#4 /home/gugus/Desktop/ci4/ci4_master/system/CodeIgniter.php(306): CodeIgniter\CodeIgniter->handleRequest()
#5 /home/gugus/Desktop/ci4/ci4_master/public/index.php(45): CodeIgniter\CodeIgniter->run()
#6 /home/gugus/Desktop/ci4/ci4_master/system/Commands/Server/rewrite.php(34): require_once('/home/gugus/Des...')
#7 {main}
CRITICAL - 2020-10-29 04:17:43 --> Cannot make non static method CodeIgniter\Model::update() static in class App\Models\Form
#0 [internal function]: CodeIgniter\Debug\Exceptions->shutdownHandler()
#1 {main}
CRITICAL - 2020-10-29 04:35:33 --> Table 'ci4_auth.mSoal' doesn't exist
#0 /home/gugus/Desktop/ci4/ci4_master/system/Database/MySQLi/Connection.php(330): mysqli->query()
#1 /home/gugus/Desktop/ci4/ci4_master/system/Database/BaseConnection.php(738): CodeIgniter\Database\MySQLi\Connection->execute()
#2 /home/gugus/Desktop/ci4/ci4_master/system/Database/BaseConnection.php(666): CodeIgniter\Database\BaseConnection->simpleQuery()
#3 /home/gugus/Desktop/ci4/ci4_master/app/Commands/ControlerBasic.php(37): CodeIgniter\Database\BaseConnection->query()
#4 /home/gugus/Desktop/ci4/ci4_master/system/CLI/CommandRunner.php(137): App\Commands\ControlerBasic->run()
#5 /home/gugus/Desktop/ci4/ci4_master/system/CLI/CommandRunner.php(110): CodeIgniter\CLI\CommandRunner->runCommand()
#6 /home/gugus/Desktop/ci4/ci4_master/system/CLI/CommandRunner.php(86): CodeIgniter\CLI\CommandRunner->index()
#7 /home/gugus/Desktop/ci4/ci4_master/system/CodeIgniter.php(906): CodeIgniter\CLI\CommandRunner->_remap()
#8 /home/gugus/Desktop/ci4/ci4_master/system/CodeIgniter.php(398): CodeIgniter\CodeIgniter->runController()
#9 /home/gugus/Desktop/ci4/ci4_master/system/CodeIgniter.php(306): CodeIgniter\CodeIgniter->handleRequest()
#10 /home/gugus/Desktop/ci4/ci4_master/system/CLI/Console.php(86): CodeIgniter\CodeIgniter->run()
#11 /home/gugus/Desktop/ci4/ci4_master/spark(57): CodeIgniter\CLI\Console->run()
#12 {main}
CRITICAL - 2020-10-29 04:40:11 --> Table 'ci4_auth.mSoal' doesn't exist
#0 /home/gugus/Desktop/ci4/ci4_master/system/Database/MySQLi/Connection.php(330): mysqli->query()
#1 /home/gugus/Desktop/ci4/ci4_master/system/Database/BaseConnection.php(738): CodeIgniter\Database\MySQLi\Connection->execute()
#2 /home/gugus/Desktop/ci4/ci4_master/system/Database/BaseConnection.php(666): CodeIgniter\Database\BaseConnection->simpleQuery()
#3 /home/gugus/Desktop/ci4/ci4_master/app/Commands/ControlerBasic.php(37): CodeIgniter\Database\BaseConnection->query()
#4 /home/gugus/Desktop/ci4/ci4_master/system/CLI/CommandRunner.php(137): App\Commands\ControlerBasic->run()
#5 /home/gugus/Desktop/ci4/ci4_master/system/CLI/CommandRunner.php(110): CodeIgniter\CLI\CommandRunner->runCommand()
#6 /home/gugus/Desktop/ci4/ci4_master/system/CLI/CommandRunner.php(86): CodeIgniter\CLI\CommandRunner->index()
#7 /home/gugus/Desktop/ci4/ci4_master/system/CodeIgniter.php(906): CodeIgniter\CLI\CommandRunner->_remap()
#8 /home/gugus/Desktop/ci4/ci4_master/system/CodeIgniter.php(398): CodeIgniter\CodeIgniter->runController()
#9 /home/gugus/Desktop/ci4/ci4_master/system/CodeIgniter.php(306): CodeIgniter\CodeIgniter->handleRequest()
#10 /home/gugus/Desktop/ci4/ci4_master/system/CLI/Console.php(86): CodeIgniter\CodeIgniter->run()
#11 /home/gugus/Desktop/ci4/ci4_master/spark(57): CodeIgniter\CLI\Console->run()
#12 {main}
