CRITICAL - 2020-10-28 04:47:04 --> Undefined variable: data
#0 C:\Users\USER\Desktop\project\ci4_master\app\Controllers\MAgama.php(109): CodeIgniter\Debug\Exceptions->errorHandler(8, 'Undefined varia...', 'C:\\Users\\USER\\D...', 109, Array)
#1 C:\Users\USER\Desktop\project\ci4_master\system\CodeIgniter.php(910): App\Controllers\MAgama->Index()
#2 C:\Users\USER\Desktop\project\ci4_master\system\CodeIgniter.php(398): CodeIgniter\CodeIgniter->runController(Object(App\Controllers\MAgama))
#3 C:\Users\USER\Desktop\project\ci4_master\system\CodeIgniter.php(306): CodeIgniter\CodeIgniter->handleRequest(NULL, Object(Config\Cache), false)
#4 C:\Users\USER\Desktop\project\ci4_master\public\index.php(45): CodeIgniter\CodeIgniter->run()
#5 C:\Users\USER\Desktop\project\ci4_master\system\Commands\Server\rewrite.php(34): require_once('C:\\Users\\USER\\D...')
#6 {main}
CRITICAL - 2020-10-28 04:55:07 --> Undefined variable: builder
#0 C:\Users\USER\Desktop\project\ci4_master\app\Controllers\MAgama.php(92): CodeIgniter\Debug\Exceptions->errorHandler(8, 'Undefined varia...', 'C:\\Users\\USER\\D...', 92, Array)
#1 C:\Users\USER\Desktop\project\ci4_master\system\CodeIgniter.php(910): App\Controllers\MAgama->Index()
#2 C:\Users\USER\Desktop\project\ci4_master\system\CodeIgniter.php(398): CodeIgniter\CodeIgniter->runController(Object(App\Controllers\MAgama))
#3 C:\Users\USER\Desktop\project\ci4_master\system\CodeIgniter.php(306): CodeIgniter\CodeIgniter->handleRequest(NULL, Object(Config\Cache), false)
#4 C:\Users\USER\Desktop\project\ci4_master\public\index.php(45): CodeIgniter\CodeIgniter->run()
#5 C:\Users\USER\Desktop\project\ci4_master\system\Commands\Server\rewrite.php(34): require_once('C:\\Users\\USER\\D...')
#6 {main}
CRITICAL - 2020-10-28 20:36:29 --> mkdir(): No such file or directory
#0 [internal function]: CodeIgniter\Debug\Exceptions->errorHandler()
#1 /home/gugus/Desktop/ci4/ci4_master/app/Commands/ControlerBasic.php(71): mkdir()
#2 /home/gugus/Desktop/ci4/ci4_master/system/CLI/CommandRunner.php(137): App\Commands\ControlerBasic->run()
#3 /home/gugus/Desktop/ci4/ci4_master/system/CLI/CommandRunner.php(110): CodeIgniter\CLI\CommandRunner->runCommand()
#4 /home/gugus/Desktop/ci4/ci4_master/system/CLI/CommandRunner.php(86): CodeIgniter\CLI\CommandRunner->index()
#5 /home/gugus/Desktop/ci4/ci4_master/system/CodeIgniter.php(906): CodeIgniter\CLI\CommandRunner->_remap()
#6 /home/gugus/Desktop/ci4/ci4_master/system/CodeIgniter.php(398): CodeIgniter\CodeIgniter->runController()
#7 /home/gugus/Desktop/ci4/ci4_master/system/CodeIgniter.php(306): CodeIgniter\CodeIgniter->handleRequest()
#8 /home/gugus/Desktop/ci4/ci4_master/system/CLI/Console.php(86): CodeIgniter\CodeIgniter->run()
#9 /home/gugus/Desktop/ci4/ci4_master/spark(57): CodeIgniter\CLI\Console->run()
#10 {main}
CRITICAL - 2020-10-28 20:38:04 --> mkdir(): No such file or directory
#0 [internal function]: CodeIgniter\Debug\Exceptions->errorHandler()
#1 /home/gugus/Desktop/ci4/ci4_master/app/Commands/ControlerBasic.php(71): mkdir()
#2 /home/gugus/Desktop/ci4/ci4_master/system/CLI/CommandRunner.php(137): App\Commands\ControlerBasic->run()
#3 /home/gugus/Desktop/ci4/ci4_master/system/CLI/CommandRunner.php(110): CodeIgniter\CLI\CommandRunner->runCommand()
#4 /home/gugus/Desktop/ci4/ci4_master/system/CLI/CommandRunner.php(86): CodeIgniter\CLI\CommandRunner->index()
#5 /home/gugus/Desktop/ci4/ci4_master/system/CodeIgniter.php(906): CodeIgniter\CLI\CommandRunner->_remap()
#6 /home/gugus/Desktop/ci4/ci4_master/system/CodeIgniter.php(398): CodeIgniter\CodeIgniter->runController()
#7 /home/gugus/Desktop/ci4/ci4_master/system/CodeIgniter.php(306): CodeIgniter\CodeIgniter->handleRequest()
#8 /home/gugus/Desktop/ci4/ci4_master/system/CLI/Console.php(86): CodeIgniter\CodeIgniter->run()
#9 /home/gugus/Desktop/ci4/ci4_master/spark(57): CodeIgniter\CLI\Console->run()
#10 {main}
CRITICAL - 2020-10-28 20:39:19 --> mkdir(): No such file or directory
#0 [internal function]: CodeIgniter\Debug\Exceptions->errorHandler()
#1 /home/gugus/Desktop/ci4/ci4_master/app/Commands/ControlerBasic.php(71): mkdir()
#2 /home/gugus/Desktop/ci4/ci4_master/system/CLI/CommandRunner.php(137): App\Commands\ControlerBasic->run()
#3 /home/gugus/Desktop/ci4/ci4_master/system/CLI/CommandRunner.php(110): CodeIgniter\CLI\CommandRunner->runCommand()
#4 /home/gugus/Desktop/ci4/ci4_master/system/CLI/CommandRunner.php(86): CodeIgniter\CLI\CommandRunner->index()
#5 /home/gugus/Desktop/ci4/ci4_master/system/CodeIgniter.php(906): CodeIgniter\CLI\CommandRunner->_remap()
#6 /home/gugus/Desktop/ci4/ci4_master/system/CodeIgniter.php(398): CodeIgniter\CodeIgniter->runController()
#7 /home/gugus/Desktop/ci4/ci4_master/system/CodeIgniter.php(306): CodeIgniter\CodeIgniter->handleRequest()
#8 /home/gugus/Desktop/ci4/ci4_master/system/CLI/Console.php(86): CodeIgniter\CodeIgniter->run()
#9 /home/gugus/Desktop/ci4/ci4_master/spark(57): CodeIgniter\CLI\Console->run()
#10 {main}
CRITICAL - 2020-10-28 22:55:50 --> Undefined index: field
#0 /home/gugus/Desktop/ci4/ci4_master/app/Commands/ControlerBasic.php(54): CodeIgniter\Debug\Exceptions->errorHandler()
#1 /home/gugus/Desktop/ci4/ci4_master/system/CLI/CommandRunner.php(137): App\Commands\ControlerBasic->run()
#2 /home/gugus/Desktop/ci4/ci4_master/system/CLI/CommandRunner.php(110): CodeIgniter\CLI\CommandRunner->runCommand()
#3 /home/gugus/Desktop/ci4/ci4_master/system/CLI/CommandRunner.php(86): CodeIgniter\CLI\CommandRunner->index()
#4 /home/gugus/Desktop/ci4/ci4_master/system/CodeIgniter.php(906): CodeIgniter\CLI\CommandRunner->_remap()
#5 /home/gugus/Desktop/ci4/ci4_master/system/CodeIgniter.php(398): CodeIgniter\CodeIgniter->runController()
#6 /home/gugus/Desktop/ci4/ci4_master/system/CodeIgniter.php(306): CodeIgniter\CodeIgniter->handleRequest()
#7 /home/gugus/Desktop/ci4/ci4_master/system/CLI/Console.php(86): CodeIgniter\CodeIgniter->run()
#8 /home/gugus/Desktop/ci4/ci4_master/spark(57): CodeIgniter\CLI\Console->run()
#9 {main}
CRITICAL - 2020-10-28 22:57:01 --> syntax error, unexpected 'data' (T_STRING)
#0 /home/gugus/Desktop/ci4/ci4_master/system/Autoloader/Autoloader.php(296): CodeIgniter\Autoloader\Autoloader->requireFile()
#1 /home/gugus/Desktop/ci4/ci4_master/system/Autoloader/Autoloader.php(258): CodeIgniter\Autoloader\Autoloader->loadInNamespace()
#2 [internal function]: CodeIgniter\Autoloader\Autoloader->loadClass()
#3 [internal function]: spl_autoload_call()
#4 /home/gugus/Desktop/ci4/ci4_master/system/CLI/CommandRunner.php(167): class_exists()
#5 /home/gugus/Desktop/ci4/ci4_master/system/CLI/CommandRunner.php(103): CodeIgniter\CLI\CommandRunner->createCommandList()
#6 /home/gugus/Desktop/ci4/ci4_master/system/CLI/CommandRunner.php(86): CodeIgniter\CLI\CommandRunner->index()
#7 /home/gugus/Desktop/ci4/ci4_master/system/CodeIgniter.php(906): CodeIgniter\CLI\CommandRunner->_remap()
#8 /home/gugus/Desktop/ci4/ci4_master/system/CodeIgniter.php(398): CodeIgniter\CodeIgniter->runController()
#9 /home/gugus/Desktop/ci4/ci4_master/system/CodeIgniter.php(306): CodeIgniter\CodeIgniter->handleRequest()
#10 /home/gugus/Desktop/ci4/ci4_master/system/CLI/Console.php(86): CodeIgniter\CodeIgniter->run()
#11 /home/gugus/Desktop/ci4/ci4_master/spark(57): CodeIgniter\CLI\Console->run()
#12 {main}
CRITICAL - 2020-10-28 23:41:43 --> Undefined variable: form
#0 /home/gugus/Desktop/ci4/ci4_master/app/Views/status/index.php(39): CodeIgniter\Debug\Exceptions->errorHandler()
#1 /home/gugus/Desktop/ci4/ci4_master/system/View/View.php(236): include('/home/gugus/Des...')
#2 /home/gugus/Desktop/ci4/ci4_master/system/Common.php(1071): CodeIgniter\View\View->render()
#3 /home/gugus/Desktop/ci4/ci4_master/app/Controllers/Status.php(81): view()
#4 /home/gugus/Desktop/ci4/ci4_master/system/CodeIgniter.php(910): App\Controllers\Status->Index()
#5 /home/gugus/Desktop/ci4/ci4_master/system/CodeIgniter.php(398): CodeIgniter\CodeIgniter->runController()
#6 /home/gugus/Desktop/ci4/ci4_master/system/CodeIgniter.php(306): CodeIgniter\CodeIgniter->handleRequest()
#7 /home/gugus/Desktop/ci4/ci4_master/public/index.php(45): CodeIgniter\CodeIgniter->run()
#8 /home/gugus/Desktop/ci4/ci4_master/system/Commands/Server/rewrite.php(34): require_once('/home/gugus/Des...')
#9 {main}
CRITICAL - 2020-10-28 23:58:36 --> Undefined variable: column
#0 /home/gugus/Desktop/ci4/ci4_master/app/Commands/ControlerBasic.php(59): CodeIgniter\Debug\Exceptions->errorHandler()
#1 /home/gugus/Desktop/ci4/ci4_master/app/Commands/ControlerBasic.php(152): App\Commands\inputformcall()
#2 /home/gugus/Desktop/ci4/ci4_master/system/CLI/CommandRunner.php(137): App\Commands\ControlerBasic->run()
#3 /home/gugus/Desktop/ci4/ci4_master/system/CLI/CommandRunner.php(110): CodeIgniter\CLI\CommandRunner->runCommand()
#4 /home/gugus/Desktop/ci4/ci4_master/system/CLI/CommandRunner.php(86): CodeIgniter\CLI\CommandRunner->index()
#5 /home/gugus/Desktop/ci4/ci4_master/system/CodeIgniter.php(906): CodeIgniter\CLI\CommandRunner->_remap()
#6 /home/gugus/Desktop/ci4/ci4_master/system/CodeIgniter.php(398): CodeIgniter\CodeIgniter->runController()
#7 /home/gugus/Desktop/ci4/ci4_master/system/CodeIgniter.php(306): CodeIgniter\CodeIgniter->handleRequest()
#8 /home/gugus/Desktop/ci4/ci4_master/system/CLI/Console.php(86): CodeIgniter\CodeIgniter->run()
#9 /home/gugus/Desktop/ci4/ci4_master/spark(57): CodeIgniter\CLI\Console->run()
#10 {main}
CRITICAL - 2020-10-28 23:59:12 --> Undefined variable: column
#0 /home/gugus/Desktop/ci4/ci4_master/app/Commands/ControlerBasic.php(60): CodeIgniter\Debug\Exceptions->errorHandler()
#1 /home/gugus/Desktop/ci4/ci4_master/app/Commands/ControlerBasic.php(153): App\Commands\inputformcall()
#2 /home/gugus/Desktop/ci4/ci4_master/system/CLI/CommandRunner.php(137): App\Commands\ControlerBasic->run()
#3 /home/gugus/Desktop/ci4/ci4_master/system/CLI/CommandRunner.php(110): CodeIgniter\CLI\CommandRunner->runCommand()
#4 /home/gugus/Desktop/ci4/ci4_master/system/CLI/CommandRunner.php(86): CodeIgniter\CLI\CommandRunner->index()
#5 /home/gugus/Desktop/ci4/ci4_master/system/CodeIgniter.php(906): CodeIgniter\CLI\CommandRunner->_remap()
#6 /home/gugus/Desktop/ci4/ci4_master/system/CodeIgniter.php(398): CodeIgniter\CodeIgniter->runController()
#7 /home/gugus/Desktop/ci4/ci4_master/system/CodeIgniter.php(306): CodeIgniter\CodeIgniter->handleRequest()
#8 /home/gugus/Desktop/ci4/ci4_master/system/CLI/Console.php(86): CodeIgniter\CodeIgniter->run()
#9 /home/gugus/Desktop/ci4/ci4_master/spark(57): CodeIgniter\CLI\Console->run()
#10 {main}
CRITICAL - 2020-10-28 23:59:40 --> Invalid argument supplied for foreach()
#0 /home/gugus/Desktop/ci4/ci4_master/app/Commands/ControlerBasic.php(60): CodeIgniter\Debug\Exceptions->errorHandler()
#1 /home/gugus/Desktop/ci4/ci4_master/app/Commands/ControlerBasic.php(153): App\Commands\inputformcall()
#2 /home/gugus/Desktop/ci4/ci4_master/system/CLI/CommandRunner.php(137): App\Commands\ControlerBasic->run()
#3 /home/gugus/Desktop/ci4/ci4_master/system/CLI/CommandRunner.php(110): CodeIgniter\CLI\CommandRunner->runCommand()
#4 /home/gugus/Desktop/ci4/ci4_master/system/CLI/CommandRunner.php(86): CodeIgniter\CLI\CommandRunner->index()
#5 /home/gugus/Desktop/ci4/ci4_master/system/CodeIgniter.php(906): CodeIgniter\CLI\CommandRunner->_remap()
#6 /home/gugus/Desktop/ci4/ci4_master/system/CodeIgniter.php(398): CodeIgniter\CodeIgniter->runController()
#7 /home/gugus/Desktop/ci4/ci4_master/system/CodeIgniter.php(306): CodeIgniter\CodeIgniter->handleRequest()
#8 /home/gugus/Desktop/ci4/ci4_master/system/CLI/Console.php(86): CodeIgniter\CodeIgniter->run()
#9 /home/gugus/Desktop/ci4/ci4_master/spark(57): CodeIgniter\CLI\Console->run()
#10 {main}
