CRITICAL - 2020-10-10 02:29:21 --> Call to undefined method CodeIgniter\HTTP\RedirectResponse::withCookies()
#0 /home/gugus/Desktop/ci4/ci4_authentication-master/system/CodeIgniter.php(910): Myth\Auth\Controllers\AuthController->attemptLogin()
#1 /home/gugus/Desktop/ci4/ci4_authentication-master/system/CodeIgniter.php(398): CodeIgniter\CodeIgniter->runController()
#2 /home/gugus/Desktop/ci4/ci4_authentication-master/system/CodeIgniter.php(306): CodeIgniter\CodeIgniter->handleRequest()
#3 /home/gugus/Desktop/ci4/ci4_authentication-master/public/index.php(45): CodeIgniter\CodeIgniter->run()
#4 /home/gugus/Desktop/ci4/ci4_authentication-master/system/Commands/Server/rewrite.php(34): require_once('/home/gugus/Des...')
#5 {main}
CRITICAL - 2020-10-10 02:48:43 --> Call to undefined method CodeIgniter\HTTP\RedirectResponse::withCookies()
#0 /home/gugus/Desktop/ci4/ci4_authentication-master/system/CodeIgniter.php(910): Myth\Auth\Controllers\AuthController->attemptLogin()
#1 /home/gugus/Desktop/ci4/ci4_authentication-master/system/CodeIgniter.php(398): CodeIgniter\CodeIgniter->runController()
#2 /home/gugus/Desktop/ci4/ci4_authentication-master/system/CodeIgniter.php(306): CodeIgniter\CodeIgniter->handleRequest()
#3 /home/gugus/Desktop/ci4/ci4_authentication-master/public/index.php(45): CodeIgniter\CodeIgniter->run()
#4 /home/gugus/Desktop/ci4/ci4_authentication-master/system/Commands/Server/rewrite.php(34): require_once('/home/gugus/Des...')
#5 {main}
CRITICAL - 2020-10-10 03:05:22 --> Call to undefined method CodeIgniter\HTTP\RedirectResponse::withCookies()
#0 /home/gugus/Desktop/ci4/ci4_authentication-master/system/CodeIgniter.php(910): Myth\Auth\Controllers\AuthController->attemptLogin()
#1 /home/gugus/Desktop/ci4/ci4_authentication-master/system/CodeIgniter.php(398): CodeIgniter\CodeIgniter->runController()
#2 /home/gugus/Desktop/ci4/ci4_authentication-master/system/CodeIgniter.php(306): CodeIgniter\CodeIgniter->handleRequest()
#3 /home/gugus/Desktop/ci4/ci4_authentication-master/public/index.php(45): CodeIgniter\CodeIgniter->run()
#4 /home/gugus/Desktop/ci4/ci4_authentication-master/system/Commands/Server/rewrite.php(34): require_once('/home/gugus/Des...')
#5 {main}
CRITICAL - 2020-10-10 03:26:47 --> Call to undefined function Myth\Auth\Controllers\set_cookie()
#0 /home/gugus/Desktop/ci4/ci4_authentication-master/system/CodeIgniter.php(910): Myth\Auth\Controllers\AuthController->attemptLogin()
#1 /home/gugus/Desktop/ci4/ci4_authentication-master/system/CodeIgniter.php(398): CodeIgniter\CodeIgniter->runController()
#2 /home/gugus/Desktop/ci4/ci4_authentication-master/system/CodeIgniter.php(306): CodeIgniter\CodeIgniter->handleRequest()
#3 /home/gugus/Desktop/ci4/ci4_authentication-master/public/index.php(45): CodeIgniter\CodeIgniter->run()
#4 /home/gugus/Desktop/ci4/ci4_authentication-master/system/Commands/Server/rewrite.php(34): require_once('/home/gugus/Des...')
#5 {main}
CRITICAL - 2020-10-10 03:37:06 --> syntax error, unexpected '__construct' (T_STRING), expecting function (T_FUNCTION) or const (T_CONST)
#0 /home/gugus/Desktop/ci4/ci4_authentication-master/system/Autoloader/Autoloader.php(296): CodeIgniter\Autoloader\Autoloader->requireFile()
#1 /home/gugus/Desktop/ci4/ci4_authentication-master/system/Autoloader/Autoloader.php(258): CodeIgniter\Autoloader\Autoloader->loadInNamespace()
#2 [internal function]: CodeIgniter\Autoloader\Autoloader->loadClass()
#3 [internal function]: spl_autoload_call()
#4 /home/gugus/Desktop/ci4/ci4_authentication-master/system/CodeIgniter.php(861): class_exists()
#5 /home/gugus/Desktop/ci4/ci4_authentication-master/system/CodeIgniter.php(388): CodeIgniter\CodeIgniter->startController()
#6 /home/gugus/Desktop/ci4/ci4_authentication-master/system/CodeIgniter.php(306): CodeIgniter\CodeIgniter->handleRequest()
#7 /home/gugus/Desktop/ci4/ci4_authentication-master/public/index.php(45): CodeIgniter\CodeIgniter->run()
#8 /home/gugus/Desktop/ci4/ci4_authentication-master/system/Commands/Server/rewrite.php(34): require_once('/home/gugus/Des...')
#9 {main}
CRITICAL - 2020-10-10 04:07:18 --> Call to undefined function get_coookie()
#0 /home/gugus/Desktop/ci4/ci4_authentication-master/system/View/View.php(236): include()
#1 /home/gugus/Desktop/ci4/ci4_authentication-master/system/Common.php(1071): CodeIgniter\View\View->render()
#2 /home/gugus/Desktop/ci4/ci4_authentication-master/app/Controllers/Home.php(17): view()
#3 /home/gugus/Desktop/ci4/ci4_authentication-master/system/CodeIgniter.php(910): App\Controllers\Home->home()
#4 /home/gugus/Desktop/ci4/ci4_authentication-master/system/CodeIgniter.php(398): CodeIgniter\CodeIgniter->runController()
#5 /home/gugus/Desktop/ci4/ci4_authentication-master/system/CodeIgniter.php(306): CodeIgniter\CodeIgniter->handleRequest()
#6 /home/gugus/Desktop/ci4/ci4_authentication-master/public/index.php(45): CodeIgniter\CodeIgniter->run()
#7 /home/gugus/Desktop/ci4/ci4_authentication-master/system/Commands/Server/rewrite.php(34): require_once('/home/gugus/Des...')
#8 {main}
CRITICAL - 2020-10-10 05:10:12 --> syntax error, unexpected 'echo' (T_ECHO)
#0 /home/gugus/Desktop/ci4/ci4_authentication-master/system/Autoloader/Autoloader.php(296): CodeIgniter\Autoloader\Autoloader->requireFile()
#1 /home/gugus/Desktop/ci4/ci4_authentication-master/system/Autoloader/Autoloader.php(258): CodeIgniter\Autoloader\Autoloader->loadInNamespace()
#2 [internal function]: CodeIgniter\Autoloader\Autoloader->loadClass()
#3 [internal function]: spl_autoload_call()
#4 /home/gugus/Desktop/ci4/ci4_authentication-master/system/CodeIgniter.php(861): class_exists()
#5 /home/gugus/Desktop/ci4/ci4_authentication-master/system/CodeIgniter.php(388): CodeIgniter\CodeIgniter->startController()
#6 /home/gugus/Desktop/ci4/ci4_authentication-master/system/CodeIgniter.php(306): CodeIgniter\CodeIgniter->handleRequest()
#7 /home/gugus/Desktop/ci4/ci4_authentication-master/public/index.php(45): CodeIgniter\CodeIgniter->run()
#8 /home/gugus/Desktop/ci4/ci4_authentication-master/system/Commands/Server/rewrite.php(34): require_once('/home/gugus/Des...')
#9 {main}
CRITICAL - 2020-10-10 05:13:55 --> unlink(value_of_cookie): No such file or directory
#0 [internal function]: CodeIgniter\Debug\Exceptions->errorHandler()
#1 /home/gugus/Desktop/ci4/ci4_authentication-master/app/Controllers/Home.php(20): unlink()
#2 /home/gugus/Desktop/ci4/ci4_authentication-master/system/CodeIgniter.php(910): App\Controllers\Home->home()
#3 /home/gugus/Desktop/ci4/ci4_authentication-master/system/CodeIgniter.php(398): CodeIgniter\CodeIgniter->runController()
#4 /home/gugus/Desktop/ci4/ci4_authentication-master/system/CodeIgniter.php(306): CodeIgniter\CodeIgniter->handleRequest()
#5 /home/gugus/Desktop/ci4/ci4_authentication-master/public/index.php(45): CodeIgniter\CodeIgniter->run()
#6 /home/gugus/Desktop/ci4/ci4_authentication-master/system/Commands/Server/rewrite.php(34): require_once('/home/gugus/Des...')
#7 {main}
CRITICAL - 2020-10-10 19:26:00 --> Call to undefined function App\Controllers\set_session()
#0 /home/gugus/Desktop/ci4/ci4_authentication-master/system/CodeIgniter.php(910): App\Controllers\Home->home()
#1 /home/gugus/Desktop/ci4/ci4_authentication-master/system/CodeIgniter.php(398): CodeIgniter\CodeIgniter->runController()
#2 /home/gugus/Desktop/ci4/ci4_authentication-master/system/CodeIgniter.php(306): CodeIgniter\CodeIgniter->handleRequest()
#3 /home/gugus/Desktop/ci4/ci4_authentication-master/public/index.php(45): CodeIgniter\CodeIgniter->run()
#4 /home/gugus/Desktop/ci4/ci4_authentication-master/system/Commands/Server/rewrite.php(34): require_once('/home/gugus/Des...')
#5 {main}
CRITICAL - 2020-10-10 20:42:32 --> Call to undefined function App\Controllers\set_session()
#0 /home/gugus/Desktop/ci4/ci4_authentication-master/system/CodeIgniter.php(910): App\Controllers\Home->home()
#1 /home/gugus/Desktop/ci4/ci4_authentication-master/system/CodeIgniter.php(398): CodeIgniter\CodeIgniter->runController()
#2 /home/gugus/Desktop/ci4/ci4_authentication-master/system/CodeIgniter.php(306): CodeIgniter\CodeIgniter->handleRequest()
#3 /home/gugus/Desktop/ci4/ci4_authentication-master/public/index.php(45): CodeIgniter\CodeIgniter->run()
#4 /home/gugus/Desktop/ci4/ci4_authentication-master/system/Commands/Server/rewrite.php(34): require_once('/home/gugus/Des...')
#5 {main}
