CRITICAL - 2020-10-09 01:41:38 --> Invalid file: template/template.php
#0 D:\XAMPP\htdocs\ci4_authentication-master\system\View\View.php(224): CodeIgniter\Exceptions\FrameworkException::forInvalidFile('template/templa...')
#1 D:\XAMPP\htdocs\ci4_authentication-master\system\Common.php(1071): CodeIgniter\View\View->render('template/templa...', Array, true)
#2 D:\XAMPP\htdocs\ci4_authentication-master\app\Controllers\Home.php(13): view('template/templa...')
#3 D:\XAMPP\htdocs\ci4_authentication-master\system\CodeIgniter.php(910): App\Controllers\Home->home()
#4 D:\XAMPP\htdocs\ci4_authentication-master\system\CodeIgniter.php(398): CodeIgniter\CodeIgniter->runController(Object(App\Controllers\Home))
#5 D:\XAMPP\htdocs\ci4_authentication-master\system\CodeIgniter.php(306): CodeIgniter\CodeIgniter->handleRequest(NULL, Object(Config\Cache), false)
#6 D:\XAMPP\htdocs\ci4_authentication-master\public\index.php(45): CodeIgniter\CodeIgniter->run()
#7 D:\XAMPP\htdocs\ci4_authentication-master\system\Commands\Server\rewrite.php(34): require_once('D:\\XAMPP\\htdocs...')
#8 {main}
CRITICAL - 2020-10-09 01:45:51 --> Invalid file: template/template.php
#0 D:\XAMPP\htdocs\ci4_authentication-master\system\View\View.php(224): CodeIgniter\Exceptions\FrameworkException::forInvalidFile('template/templa...')
#1 D:\XAMPP\htdocs\ci4_authentication-master\system\View\View.php(247): CodeIgniter\View\View->render('template/templa...', Array, true)
#2 D:\XAMPP\htdocs\ci4_authentication-master\system\Common.php(1071): CodeIgniter\View\View->render('admin/home', Array, true)
#3 D:\XAMPP\htdocs\ci4_authentication-master\app\Controllers\Home.php(13): view('admin/home')
#4 D:\XAMPP\htdocs\ci4_authentication-master\system\CodeIgniter.php(910): App\Controllers\Home->home()
#5 D:\XAMPP\htdocs\ci4_authentication-master\system\CodeIgniter.php(398): CodeIgniter\CodeIgniter->runController(Object(App\Controllers\Home))
#6 D:\XAMPP\htdocs\ci4_authentication-master\system\CodeIgniter.php(306): CodeIgniter\CodeIgniter->handleRequest(NULL, Object(Config\Cache), false)
#7 D:\XAMPP\htdocs\ci4_authentication-master\public\index.php(45): CodeIgniter\CodeIgniter->run()
#8 D:\XAMPP\htdocs\ci4_authentication-master\system\Commands\Server\rewrite.php(34): require_once('D:\\XAMPP\\htdocs...')
#9 {main}
CRITICAL - 2020-10-09 02:34:22 --> syntax error, unexpected '=', expecting ']'
#0 D:\XAMPP\htdocs\ci4_authentication-master\system\Database\MigrationRunner.php(223): CodeIgniter\Database\MigrationRunner->migrate('up', Object(stdClass))
#1 D:\XAMPP\htdocs\ci4_authentication-master\system\Commands\Database\Migrate.php(128): CodeIgniter\Database\MigrationRunner->latest(NULL)
#2 D:\XAMPP\htdocs\ci4_authentication-master\system\CLI\CommandRunner.php(137): CodeIgniter\Commands\Database\Migrate->run(Array)
#3 D:\XAMPP\htdocs\ci4_authentication-master\system\CLI\CommandRunner.php(110): CodeIgniter\CLI\CommandRunner->runCommand('migrate', Array)
#4 D:\XAMPP\htdocs\ci4_authentication-master\system\CLI\CommandRunner.php(86): CodeIgniter\CLI\CommandRunner->index(Array)
#5 D:\XAMPP\htdocs\ci4_authentication-master\system\CodeIgniter.php(906): CodeIgniter\CLI\CommandRunner->_remap('index', 'migrate')
#6 D:\XAMPP\htdocs\ci4_authentication-master\system\CodeIgniter.php(398): CodeIgniter\CodeIgniter->runController(Object(CodeIgniter\CLI\CommandRunner))
#7 D:\XAMPP\htdocs\ci4_authentication-master\system\CodeIgniter.php(306): CodeIgniter\CodeIgniter->handleRequest(NULL, Object(Config\Cache), false)
#8 D:\XAMPP\htdocs\ci4_authentication-master\system\CLI\Console.php(86): CodeIgniter\CodeIgniter->run()
#9 D:\XAMPP\htdocs\ci4_authentication-master\spark(57): CodeIgniter\CLI\Console->run()
#10 {main}
